<?xml version="1.0" encoding="UTF-8"?>
<coverage generated="1593997787837" clover="3.2.0">
  <project timestamp="1593997787837" name="All files">
    <metrics statements="94" coveredstatements="87" conditionals="31" coveredconditionals="22" methods="42" coveredmethods="40" elements="167" coveredelements="149" complexity="0" loc="94" ncloc="94" packages="4" files="4" classes="4"/>
    <package name="Constants">
      <metrics statements="1" coveredstatements="1" conditionals="0" coveredconditionals="0" methods="0" coveredmethods="0"/>
      <file name="MimeTypes.ts" path="C:\Programming\QNodeServer\src\Constants\MimeTypes.ts">
        <metrics statements="1" coveredstatements="1" conditionals="0" coveredconditionals="0" methods="0" coveredmethods="0"/>
        <line num="1" count="2" type="stmt"/>
      </file>
    </package>
    <package name="QNodeServer">
      <metrics statements="49" coveredstatements="46" conditionals="18" coveredconditionals="12" methods="19" coveredmethods="19"/>
      <file name="QNodeServerBase.ts" path="C:\Programming\QNodeServer\src\QNodeServer\QNodeServerBase.ts">
        <metrics statements="49" coveredstatements="46" conditionals="18" coveredconditionals="12" methods="19" coveredmethods="19"/>
        <line num="9" count="2" type="stmt"/>
        <line num="15" count="2" type="stmt"/>
        <line num="25" count="15" type="stmt"/>
        <line num="33" count="5" type="stmt"/>
        <line num="66" count="5" type="cond" truecount="1" falsecount="1"/>
        <line num="67" count="5" type="stmt"/>
        <line num="68" count="15" type="stmt"/>
        <line num="69" count="15" type="stmt"/>
        <line num="71" count="7" type="stmt"/>
        <line num="74" count="5" type="stmt"/>
        <line num="75" count="5" type="stmt"/>
        <line num="79" count="1" type="stmt"/>
        <line num="91" count="8" type="cond" truecount="2" falsecount="0"/>
        <line num="92" count="8" type="cond" truecount="2" falsecount="0"/>
        <line num="94" count="7" type="stmt"/>
        <line num="100" count="1" type="stmt"/>
        <line num="104" count="7" type="stmt"/>
        <line num="115" count="7" type="stmt"/>
        <line num="116" count="7" type="cond" truecount="1" falsecount="1"/>
        <line num="117" count="0" type="stmt"/>
        <line num="122" count="7" type="stmt"/>
        <line num="134" count="7" type="stmt"/>
        <line num="136" count="7" type="cond" truecount="1" falsecount="1"/>
        <line num="138" count="7" type="stmt"/>
        <line num="141" count="7" type="stmt"/>
        <line num="142" count="7" type="cond" truecount="2" falsecount="0"/>
        <line num="143" count="2" type="stmt"/>
        <line num="145" count="7" type="stmt"/>
        <line num="147" count="7" type="stmt"/>
        <line num="149" count="7" type="stmt"/>
        <line num="151" count="7" type="stmt"/>
        <line num="155" count="7" type="stmt"/>
        <line num="159" count="7" type="stmt"/>
        <line num="160" count="7" type="cond" truecount="1" falsecount="1"/>
        <line num="162" count="7" type="stmt"/>
        <line num="165" count="7" type="stmt"/>
        <line num="166" count="0" type="cond" truecount="0" falsecount="2"/>
        <line num="167" count="0" type="stmt"/>
        <line num="169" count="7" type="stmt"/>
        <line num="171" count="7" type="stmt"/>
        <line num="176" count="7" type="stmt"/>
        <line num="186" count="7" type="stmt"/>
        <line num="187" count="14" type="stmt"/>
        <line num="200" count="21" type="cond" truecount="2" falsecount="0"/>
        <line num="209" count="8" type="stmt"/>
        <line num="210" count="8" type="stmt"/>
        <line num="215" count="8" type="stmt"/>
        <line num="216" count="8" type="stmt"/>
        <line num="230" count="2" type="stmt"/>
      </file>
    </package>
    <package name="ServerPlugins.NodeHttp">
      <metrics statements="30" coveredstatements="28" conditionals="6" coveredconditionals="5" methods="15" coveredmethods="14"/>
      <file name="NodeHttpPlugin.ts" path="C:\Programming\QNodeServer\src\ServerPlugins\NodeHttp\NodeHttpPlugin.ts">
        <metrics statements="30" coveredstatements="28" conditionals="6" coveredconditionals="5" methods="15" coveredmethods="14"/>
        <line num="1" count="1" type="stmt"/>
        <line num="20" count="1" type="stmt"/>
        <line num="21" count="1" type="stmt"/>
        <line num="28" count="3" type="stmt"/>
        <line num="31" count="1" type="stmt"/>
        <line num="34" count="3" type="stmt"/>
        <line num="35" count="3" type="stmt"/>
        <line num="36" count="3" type="stmt"/>
        <line num="41" count="1" type="stmt"/>
        <line num="42" count="1" type="stmt"/>
        <line num="43" count="1" type="stmt"/>
        <line num="44" count="0" type="stmt"/>
        <line num="46" count="1" type="stmt"/>
        <line num="47" count="1" type="stmt"/>
        <line num="51" count="1" type="stmt"/>
        <line num="71" count="1" type="stmt"/>
        <line num="75" count="1" type="stmt"/>
        <line num="76" count="1" type="stmt"/>
        <line num="80" count="1" type="cond" truecount="2" falsecount="0"/>
        <line num="84" count="1" type="stmt"/>
        <line num="85" count="1" type="stmt"/>
        <line num="86" count="1" type="cond" truecount="1" falsecount="1"/>
        <line num="87" count="0" type="stmt"/>
        <line num="91" count="1" type="stmt"/>
        <line num="96" count="1" type="stmt"/>
        <line num="97" count="1" type="stmt"/>
        <line num="98" count="1" type="stmt"/>
        <line num="103" count="1" type="stmt"/>
        <line num="104" count="1" type="stmt"/>
        <line num="105" count="1" type="stmt"/>
      </file>
    </package>
    <package name="ServerPlugins.TestDouble">
      <metrics statements="14" coveredstatements="12" conditionals="7" coveredconditionals="5" methods="8" coveredmethods="7"/>
      <file name="TestDoublePlugin.ts" path="C:\Programming\QNodeServer\src\ServerPlugins\TestDouble\TestDoublePlugin.ts">
        <metrics statements="14" coveredstatements="12" conditionals="7" coveredconditionals="5" methods="8" coveredmethods="7"/>
        <line num="16" count="1" type="stmt"/>
        <line num="17" count="4" type="stmt"/>
        <line num="19" count="4" type="cond" truecount="1" falsecount="0"/>
        <line num="22" count="18" type="cond" truecount="1" falsecount="1"/>
        <line num="23" count="0" type="stmt"/>
        <line num="31" count="12" type="stmt"/>
        <line num="32" count="12" type="stmt"/>
        <line num="47" count="6" type="stmt"/>
        <line num="49" count="6" type="stmt"/>
        <line num="51" count="13" type="cond" truecount="2" falsecount="0"/>
        <line num="53" count="6" type="cond" truecount="1" falsecount="1"/>
        <line num="54" count="0" type="stmt"/>
        <line num="59" count="6" type="stmt"/>
        <line num="63" count="6" type="stmt"/>
      </file>
    </package>
  </project>
</coverage>
