{"C:\\Programming\\QNodeServer\\src\\Constants\\MimeTypes.ts": {"path":"C:\\Programming\\QNodeServer\\src\\Constants\\MimeTypes.ts","statementMap":{"0":{"start":{"line":1,"column":13},"end":{"line":4,"column":2}}},"fnMap":{},"branchMap":{},"s":{"0":2},"f":{},"b":{}}
,"C:\\Programming\\QNodeServer\\src\\QNodeServer\\QNodeServerBase.ts": {"path":"C:\\Programming\\QNodeServer\\src\\QNodeServer\\QNodeServerBase.ts","statementMap":{"0":{"start":{"line":9,"column":0},"end":{"line":9,"column":52}},"1":{"start":{"line":33,"column":24},"end":{"line":33,"column":52}},"2":{"start":{"line":33,"column":64},"end":{"line":33,"column":76}},"3":{"start":{"line":25,"column":8},"end":{"line":25,"column":31}},"4":{"start":{"line":66,"column":8},"end":{"line":66,"column":48}},"5":{"start":{"line":67,"column":8},"end":{"line":73,"column":null}},"6":{"start":{"line":67,"column":21},"end":{"line":67,"column":22}},"7":{"start":{"line":68,"column":29},"end":{"line":68,"column":47}},"8":{"start":{"line":69,"column":12},"end":{"line":72,"column":14}},"9":{"start":{"line":71,"column":37},"end":{"line":71,"column":79}},"10":{"start":{"line":74,"column":8},"end":{"line":74,"column":55}},"11":{"start":{"line":75,"column":8},"end":{"line":75,"column":28}},"12":{"start":{"line":79,"column":8},"end":{"line":79,"column":39}},"13":{"start":{"line":91,"column":8},"end":{"line":91,"column":48}},"14":{"start":{"line":92,"column":8},"end":{"line":103,"column":null}},"15":{"start":{"line":94,"column":16},"end":{"line":96,"column":null}},"16":{"start":{"line":100,"column":12},"end":{"line":102,"column":14}},"17":{"start":{"line":104,"column":8},"end":{"line":107,"column":11}},"18":{"start":{"line":115,"column":25},"end":{"line":115,"column":65}},"19":{"start":{"line":116,"column":8},"end":{"line":120,"column":null}},"20":{"start":{"line":117,"column":12},"end":{"line":119,"column":14}},"21":{"start":{"line":122,"column":8},"end":{"line":122,"column":53}},"22":{"start":{"line":134,"column":30},"end":{"line":134,"column":76}},"23":{"start":{"line":136,"column":8},"end":{"line":146,"column":null}},"24":{"start":{"line":138,"column":24},"end":{"line":138,"column":62}},"25":{"start":{"line":141,"column":26},"end":{"line":141,"column":48}},"26":{"start":{"line":142,"column":12},"end":{"line":144,"column":null}},"27":{"start":{"line":143,"column":16},"end":{"line":143,"column":31}},"28":{"start":{"line":145,"column":12},"end":{"line":145,"column":58}},"29":{"start":{"line":147,"column":8},"end":{"line":147,"column":96}},"30":{"start":{"line":149,"column":35},"end":{"line":149,"column":76}},"31":{"start":{"line":151,"column":8},"end":{"line":154,"column":10}},"32":{"start":{"line":155,"column":41},"end":{"line":156,"column":null}},"33":{"start":{"line":159,"column":25},"end":{"line":159,"column":27}},"34":{"start":{"line":160,"column":8},"end":{"line":168,"column":null}},"35":{"start":{"line":162,"column":24},"end":{"line":162,"column":62}},"36":{"start":{"line":165,"column":12},"end":{"line":165,"column":55}},"37":{"start":{"line":166,"column":15},"end":{"line":168,"column":null}},"38":{"start":{"line":167,"column":12},"end":{"line":167,"column":50}},"39":{"start":{"line":169,"column":8},"end":{"line":169,"column":41}},"40":{"start":{"line":171,"column":8},"end":{"line":175,"column":10}},"41":{"start":{"line":176,"column":8},"end":{"line":176,"column":24}},"42":{"start":{"line":186,"column":8},"end":{"line":191,"column":10}},"43":{"start":{"line":187,"column":12},"end":{"line":189,"column":null}},"44":{"start":{"line":200,"column":8},"end":{"line":200,"column":54}},"45":{"start":{"line":209,"column":8},"end":{"line":209,"column":68}},"46":{"start":{"line":210,"column":8},"end":{"line":221,"column":10}},"47":{"start":{"line":215,"column":12},"end":{"line":215,"column":41}},"48":{"start":{"line":216,"column":12},"end":{"line":220,"column":14}},"49":{"start":{"line":15,"column":0},"end":{"line":15,"column":22}},"50":{"start":{"line":230,"column":13},"end":{"line":230,"column":49}}},"fnMap":{"0":{"name":"(anonymous_7)","decl":{"start":{"line":33,"column":4},"end":{"line":33,"column":24}},"loc":{"start":{"line":33,"column":76},"end":{"line":33,"column":80}}},"1":{"name":"(anonymous_8)","decl":{"start":{"line":24,"column":4},"end":{"line":24,"column":8}},"loc":{"start":{"line":24,"column":17},"end":{"line":26,"column":5}}},"2":{"name":"(anonymous_9)","decl":{"start":{"line":38,"column":14},"end":{"line":38,"column":26}},"loc":{"start":{"line":38,"column":26},"end":{"line":38,"column":37}}},"3":{"name":"(anonymous_10)","decl":{"start":{"line":45,"column":14},"end":{"line":45,"column":37}},"loc":{"start":{"line":47,"column":30},"end":{"line":48,"column":14}}},"4":{"name":"(anonymous_11)","decl":{"start":{"line":56,"column":14},"end":{"line":56,"column":36}},"loc":{"start":{"line":59,"column":32},"end":{"line":60,"column":14}}},"5":{"name":"(anonymous_12)","decl":{"start":{"line":65,"column":10},"end":{"line":65,"column":20}},"loc":{"start":{"line":65,"column":20},"end":{"line":76,"column":null}}},"6":{"name":"(anonymous_14)","decl":{"start":{"line":71,"column":16},"end":{"line":71,"column":17}},"loc":{"start":{"line":71,"column":37},"end":{"line":71,"column":79}}},"7":{"name":"(anonymous_15)","decl":{"start":{"line":78,"column":4},"end":{"line":78,"column":8}},"loc":{"start":{"line":78,"column":8},"end":{"line":80,"column":5}}},"8":{"name":"(anonymous_16)","decl":{"start":{"line":87,"column":12},"end":{"line":87,"column":41}},"loc":{"start":{"line":89,"column":22},"end":{"line":108,"column":5}}},"9":{"name":"(anonymous_17)","decl":{"start":{"line":93,"column":32},"end":{"line":93,"column":33}},"loc":{"start":{"line":94,"column":16},"end":{"line":96,"column":null}}},"10":{"name":"(anonymous_18)","decl":{"start":{"line":114,"column":4},"end":{"line":114,"column":19}},"loc":{"start":{"line":114,"column":42},"end":{"line":123,"column":5}}},"11":{"name":"(anonymous_19)","decl":{"start":{"line":130,"column":18},"end":{"line":130,"column":33}},"loc":{"start":{"line":132,"column":23},"end":{"line":177,"column":null}}},"12":{"name":"(anonymous_21)","decl":{"start":{"line":138,"column":16},"end":{"line":138,"column":17}},"loc":{"start":{"line":138,"column":24},"end":{"line":138,"column":62}}},"13":{"name":"(anonymous_22)","decl":{"start":{"line":162,"column":16},"end":{"line":162,"column":17}},"loc":{"start":{"line":162,"column":24},"end":{"line":162,"column":62}}},"14":{"name":"(anonymous_23)","decl":{"start":{"line":183,"column":12},"end":{"line":183,"column":38}},"loc":{"start":{"line":184,"column":30},"end":{"line":192,"column":5}}},"15":{"name":"(anonymous_24)","decl":{"start":{"line":186,"column":35},"end":{"line":186,"column":36}},"loc":{"start":{"line":187,"column":12},"end":{"line":189,"column":null}}},"16":{"name":"(anonymous_25)","decl":{"start":{"line":199,"column":4},"end":{"line":199,"column":10}},"loc":{"start":{"line":199,"column":62},"end":{"line":201,"column":5}}},"17":{"name":"(anonymous_26)","decl":{"start":{"line":208,"column":4},"end":{"line":208,"column":10}},"loc":{"start":{"line":208,"column":52},"end":{"line":222,"column":5}}},"18":{"name":"(anonymous_27)","decl":{"start":{"line":210,"column":15},"end":{"line":210,"column":null}},"loc":{"start":{"line":213,"column":42},"end":{"line":221,"column":9}}}},"branchMap":{"0":{"loc":{"start":{"line":66,"column":26},"end":{"line":66,"column":41}},"type":"binary-expr","locations":[{"start":{"line":66,"column":26},"end":{"line":66,"column":41}},{"start":{"line":66,"column":45},"end":{"line":66,"column":47}}]},"1":{"loc":{"start":{"line":91,"column":26},"end":{"line":91,"column":41}},"type":"binary-expr","locations":[{"start":{"line":91,"column":26},"end":{"line":91,"column":41}},{"start":{"line":91,"column":45},"end":{"line":91,"column":47}}]},"2":{"loc":{"start":{"line":92,"column":8},"end":{"line":103,"column":null}},"type":"if","locations":[{"start":{"line":92,"column":8},"end":{"line":103,"column":null}},{"start":{"line":92,"column":8},"end":{"line":103,"column":null}}]},"3":{"loc":{"start":{"line":116,"column":8},"end":{"line":120,"column":null}},"type":"if","locations":[{"start":{"line":116,"column":8},"end":{"line":120,"column":null}},{"start":{"line":116,"column":8},"end":{"line":120,"column":null}}]},"4":{"loc":{"start":{"line":136,"column":8},"end":{"line":146,"column":null}},"type":"if","locations":[{"start":{"line":136,"column":8},"end":{"line":146,"column":null}},{"start":{"line":136,"column":8},"end":{"line":146,"column":null}}]},"5":{"loc":{"start":{"line":142,"column":12},"end":{"line":144,"column":null}},"type":"if","locations":[{"start":{"line":142,"column":12},"end":{"line":144,"column":null}},{"start":{"line":142,"column":12},"end":{"line":144,"column":null}}]},"6":{"loc":{"start":{"line":160,"column":8},"end":{"line":168,"column":null}},"type":"if","locations":[{"start":{"line":160,"column":8},"end":{"line":168,"column":null}},{"start":{"line":160,"column":8},"end":{"line":168,"column":null}}]},"7":{"loc":{"start":{"line":166,"column":15},"end":{"line":168,"column":null}},"type":"if","locations":[{"start":{"line":166,"column":15},"end":{"line":168,"column":null}},{"start":{"line":166,"column":15},"end":{"line":168,"column":null}}]},"8":{"loc":{"start":{"line":200,"column":15},"end":{"line":200,"column":32}},"type":"binary-expr","locations":[{"start":{"line":200,"column":15},"end":{"line":200,"column":32}},{"start":{"line":200,"column":36},"end":{"line":200,"column":53}}]}},"s":{"0":2,"1":5,"2":5,"3":15,"4":5,"5":5,"6":5,"7":15,"8":15,"9":7,"10":5,"11":5,"12":1,"13":8,"14":8,"15":7,"16":1,"17":7,"18":7,"19":7,"20":0,"21":7,"22":7,"23":7,"24":7,"25":7,"26":7,"27":2,"28":7,"29":7,"30":7,"31":7,"32":7,"33":7,"34":7,"35":7,"36":7,"37":0,"38":0,"39":7,"40":7,"41":7,"42":7,"43":14,"44":21,"45":8,"46":8,"47":8,"48":8,"49":2,"50":2},"f":{"0":5,"1":15,"2":5,"3":7,"4":7,"5":5,"6":7,"7":1,"8":8,"9":7,"10":7,"11":7,"12":7,"13":7,"14":7,"15":14,"16":21,"17":8,"18":8},"b":{"0":[5,0],"1":[8,3],"2":[1,7],"3":[0,7],"4":[7,0],"5":[2,5],"6":[7,0],"7":[0,0],"8":[21,12]}}
,"C:\\Programming\\QNodeServer\\src\\ServerPlugins\\NodeHttp\\NodeHttpPlugin.ts": {"path":"C:\\Programming\\QNodeServer\\src\\ServerPlugins\\NodeHttp\\NodeHttpPlugin.ts","statementMap":{"0":{"start":{"line":1,"column":0},"end":{"line":1,"column":61}},"1":{"start":{"line":21,"column":12},"end":{"line":21,"column":63}},"2":{"start":{"line":28,"column":47},"end":{"line":33,"column":10}},"3":{"start":{"line":31,"column":16},"end":{"line":31,"column":61}},"4":{"start":{"line":34,"column":8},"end":{"line":34,"column":46}},"5":{"start":{"line":35,"column":8},"end":{"line":37,"column":11}},"6":{"start":{"line":36,"column":12},"end":{"line":36,"column":66}},"7":{"start":{"line":41,"column":30},"end":{"line":49,"column":10}},"8":{"start":{"line":42,"column":25},"end":{"line":42,"column":27}},"9":{"start":{"line":43,"column":12},"end":{"line":45,"column":15}},"10":{"start":{"line":44,"column":16},"end":{"line":44,"column":33}},"11":{"start":{"line":46,"column":12},"end":{"line":48,"column":15}},"12":{"start":{"line":47,"column":16},"end":{"line":47,"column":54}},"13":{"start":{"line":51,"column":39},"end":{"line":69,"column":10}},"14":{"start":{"line":71,"column":8},"end":{"line":71,"column":23}},"15":{"start":{"line":75,"column":8},"end":{"line":75,"column":74}},"16":{"start":{"line":76,"column":8},"end":{"line":76,"column":41}},"17":{"start":{"line":80,"column":8},"end":{"line":80,"column":59}},"18":{"start":{"line":84,"column":8},"end":{"line":99,"column":10}},"19":{"start":{"line":84,"column":59},"end":{"line":99,"column":10}},"20":{"start":{"line":85,"column":34},"end":{"line":85,"column":69}},"21":{"start":{"line":86,"column":12},"end":{"line":90,"column":null}},"22":{"start":{"line":87,"column":16},"end":{"line":89,"column":18}},"23":{"start":{"line":91,"column":43},"end":{"line":92,"column":null}},"24":{"start":{"line":96,"column":12},"end":{"line":96,"column":55}},"25":{"start":{"line":97,"column":12},"end":{"line":97,"column":62}},"26":{"start":{"line":98,"column":12},"end":{"line":98,"column":30}},"27":{"start":{"line":103,"column":8},"end":{"line":109,"column":11}},"28":{"start":{"line":104,"column":25},"end":{"line":104,"column":44}},"29":{"start":{"line":105,"column":12},"end":{"line":108,"column":14}},"30":{"start":{"line":20,"column":0},"end":{"line":20,"column":13}}},"fnMap":{"0":{"name":"(anonymous_8)","decl":{"start":{"line":20,"column":0},"end":{"line":20,"column":13}},"loc":{"start":{"line":20,"column":0},"end":{"line":111,"column":1}}},"1":{"name":"(anonymous_9)","decl":{"start":{"line":24,"column":10},"end":{"line":24,"column":24}},"loc":{"start":{"line":26,"column":79},"end":{"line":38,"column":null}}},"2":{"name":"(anonymous_11)","decl":{"start":{"line":30,"column":22},"end":{"line":30,"column":23}},"loc":{"start":{"line":30,"column":42},"end":{"line":32,"column":13}}},"3":{"name":"(anonymous_12)","decl":{"start":{"line":35,"column":33},"end":{"line":35,"column":34}},"loc":{"start":{"line":35,"column":42},"end":{"line":37,"column":9}}},"4":{"name":"(anonymous_13)","decl":{"start":{"line":40,"column":10},"end":{"line":40,"column":20}},"loc":{"start":{"line":40,"column":36},"end":{"line":72,"column":null}}},"5":{"name":"(anonymous_15)","decl":{"start":{"line":41,"column":48},"end":{"line":41,"column":49}},"loc":{"start":{"line":41,"column":68},"end":{"line":49,"column":9}}},"6":{"name":"(anonymous_16)","decl":{"start":{"line":43,"column":34},"end":{"line":43,"column":35}},"loc":{"start":{"line":43,"column":44},"end":{"line":45,"column":13}}},"7":{"name":"(anonymous_17)","decl":{"start":{"line":46,"column":33},"end":{"line":46,"column":36}},"loc":{"start":{"line":46,"column":38},"end":{"line":48,"column":13}}},"8":{"name":"(anonymous_18)","decl":{"start":{"line":74,"column":10},"end":{"line":74,"column":21}},"loc":{"start":{"line":74,"column":34},"end":{"line":77,"column":null}}},"9":{"name":"(anonymous_20)","decl":{"start":{"line":79,"column":10},"end":{"line":79,"column":20}},"loc":{"start":{"line":79,"column":20},"end":{"line":81,"column":null}}},"10":{"name":"(anonymous_22)","decl":{"start":{"line":83,"column":12},"end":{"line":83,"column":29}},"loc":{"start":{"line":83,"column":29},"end":{"line":100,"column":5}}},"11":{"name":"(anonymous_23)","decl":{"start":{"line":84,"column":15},"end":{"line":84,"column":22}},"loc":{"start":{"line":84,"column":59},"end":{"line":99,"column":10}}},"12":{"name":"(anonymous_24)","decl":{"start":{"line":84,"column":59},"end":{"line":84,"column":null}},"loc":{"start":{"line":84,"column":59},"end":{"line":99,"column":9}}},"13":{"name":"(anonymous_25)","decl":{"start":{"line":102,"column":12},"end":{"line":102,"column":30}},"loc":{"start":{"line":102,"column":43},"end":{"line":110,"column":5}}},"14":{"name":"(anonymous_26)","decl":{"start":{"line":103,"column":40},"end":{"line":103,"column":41}},"loc":{"start":{"line":103,"column":50},"end":{"line":109,"column":9}}}},"branchMap":{"0":{"loc":{"start":{"line":80,"column":8},"end":{"line":80,"column":27}},"type":"binary-expr","locations":[{"start":{"line":80,"column":8},"end":{"line":80,"column":27}},{"start":{"line":80,"column":31},"end":{"line":80,"column":58}}]},"1":{"loc":{"start":{"line":86,"column":12},"end":{"line":90,"column":null}},"type":"if","locations":[{"start":{"line":86,"column":12},"end":{"line":90,"column":null}},{"start":{"line":86,"column":12},"end":{"line":90,"column":null}}]},"2":{"loc":{"start":{"line":106,"column":16},"end":{"line":106,"column":47}},"type":"binary-expr","locations":[{"start":{"line":106,"column":16},"end":{"line":106,"column":47}},{"start":{"line":107,"column":16},"end":{"line":107,"column":68}}]}},"s":{"0":1,"1":1,"2":3,"3":1,"4":3,"5":3,"6":3,"7":1,"8":1,"9":1,"10":0,"11":1,"12":1,"13":1,"14":1,"15":1,"16":1,"17":1,"18":1,"19":1,"20":1,"21":1,"22":0,"23":1,"24":1,"25":1,"26":1,"27":1,"28":1,"29":1,"30":1},"f":{"0":1,"1":3,"2":1,"3":3,"4":1,"5":1,"6":0,"7":1,"8":1,"9":1,"10":1,"11":1,"12":1,"13":1,"14":1},"b":{"0":[1,1],"1":[0,1],"2":[1,1]}}
,"C:\\Programming\\QNodeServer\\src\\ServerPlugins\\TestDouble\\TestDoublePlugin.ts": {"path":"C:\\Programming\\QNodeServer\\src\\ServerPlugins\\TestDouble\\TestDoublePlugin.ts","statementMap":{"0":{"start":{"line":19,"column":24},"end":{"line":19,"column":41}},"1":{"start":{"line":17,"column":12},"end":{"line":17,"column":53}},"2":{"start":{"line":22,"column":8},"end":{"line":24,"column":null}},"3":{"start":{"line":23,"column":12},"end":{"line":23,"column":58}},"4":{"start":{"line":31,"column":8},"end":{"line":31,"column":57}},"5":{"start":{"line":32,"column":8},"end":{"line":35,"column":11}},"6":{"start":{"line":47,"column":8},"end":{"line":47,"column":58}},"7":{"start":{"line":49,"column":25},"end":{"line":51,"column":null}},"8":{"start":{"line":51,"column":16},"end":{"line":51,"column":76}},"9":{"start":{"line":53,"column":8},"end":{"line":57,"column":null}},"10":{"start":{"line":54,"column":12},"end":{"line":56,"column":14}},"11":{"start":{"line":59,"column":8},"end":{"line":59,"column":45}},"12":{"start":{"line":63,"column":8},"end":{"line":63,"column":26}},"13":{"start":{"line":16,"column":0},"end":{"line":16,"column":13}}},"fnMap":{"0":{"name":"(anonymous_7)","decl":{"start":{"line":19,"column":4},"end":{"line":19,"column":24}},"loc":{"start":{"line":19,"column":46},"end":{"line":19,"column":50}}},"1":{"name":"(anonymous_8)","decl":{"start":{"line":21,"column":12},"end":{"line":21,"column":22}},"loc":{"start":{"line":21,"column":42},"end":{"line":25,"column":5}}},"2":{"name":"(anonymous_9)","decl":{"start":{"line":27,"column":10},"end":{"line":27,"column":24}},"loc":{"start":{"line":29,"column":59},"end":{"line":36,"column":null}}},"3":{"name":"(anonymous_11)","decl":{"start":{"line":42,"column":4},"end":{"line":42,"column":16}},"loc":{"start":{"line":45,"column":46},"end":{"line":60,"column":5}}},"4":{"name":"(anonymous_12)","decl":{"start":{"line":50,"column":12},"end":{"line":50,"column":13}},"loc":{"start":{"line":51,"column":16},"end":{"line":51,"column":76}}},"5":{"name":"(anonymous_13)","decl":{"start":{"line":62,"column":10},"end":{"line":62,"column":20}},"loc":{"start":{"line":62,"column":46},"end":{"line":64,"column":null}}},"6":{"name":"(anonymous_15)","decl":{"start":{"line":66,"column":10},"end":{"line":66,"column":21}},"loc":{"start":{"line":66,"column":34},"end":{"line":68,"column":null}}},"7":{"name":"(anonymous_17)","decl":{"start":{"line":70,"column":10},"end":{"line":70,"column":20}},"loc":{"start":{"line":70,"column":20},"end":{"line":72,"column":null}}}},"branchMap":{"0":{"loc":{"start":{"line":19,"column":41},"end":{"line":19,"column":46}},"type":"default-arg","locations":[{"start":{"line":19,"column":41},"end":{"line":19,"column":46}}]},"1":{"loc":{"start":{"line":22,"column":8},"end":{"line":24,"column":null}},"type":"if","locations":[{"start":{"line":22,"column":8},"end":{"line":24,"column":null}},{"start":{"line":22,"column":8},"end":{"line":24,"column":null}}]},"2":{"loc":{"start":{"line":51,"column":16},"end":{"line":51,"column":44}},"type":"binary-expr","locations":[{"start":{"line":51,"column":16},"end":{"line":51,"column":44}},{"start":{"line":51,"column":48},"end":{"line":51,"column":76}}]},"3":{"loc":{"start":{"line":53,"column":8},"end":{"line":57,"column":null}},"type":"if","locations":[{"start":{"line":53,"column":8},"end":{"line":57,"column":null}},{"start":{"line":53,"column":8},"end":{"line":57,"column":null}}]}},"s":{"0":4,"1":4,"2":18,"3":0,"4":12,"5":12,"6":6,"7":6,"8":13,"9":6,"10":0,"11":6,"12":6,"13":1},"f":{"0":4,"1":18,"2":12,"3":6,"4":13,"5":6,"6":4,"7":0},"b":{"0":[4],"1":[0,18],"2":[13,9],"3":[0,6]}}
}
