TN:
SF:src\Constants\MimeTypes.ts
FNF:0
FNH:0
DA:1,2
LF:1
LH:1
BRF:0
BRH:0
end_of_record
TN:
SF:src\QNodeServer\QNodeServerBase.ts
FN:33,(anonymous_7)
FN:24,(anonymous_8)
FN:38,(anonymous_9)
FN:45,(anonymous_10)
FN:56,(anonymous_11)
FN:65,(anonymous_12)
FN:71,(anonymous_14)
FN:78,(anonymous_15)
FN:87,(anonymous_16)
FN:93,(anonymous_17)
FN:114,(anonymous_18)
FN:130,(anonymous_19)
FN:138,(anonymous_21)
FN:162,(anonymous_22)
FN:183,(anonymous_23)
FN:186,(anonymous_24)
FN:199,(anonymous_25)
FN:208,(anonymous_26)
FN:210,(anonymous_27)
FNF:19
FNH:19
FNDA:5,(anonymous_7)
FNDA:15,(anonymous_8)
FNDA:5,(anonymous_9)
FNDA:7,(anonymous_10)
FNDA:7,(anonymous_11)
FNDA:5,(anonymous_12)
FNDA:7,(anonymous_14)
FNDA:1,(anonymous_15)
FNDA:8,(anonymous_16)
FNDA:7,(anonymous_17)
FNDA:7,(anonymous_18)
FNDA:7,(anonymous_19)
FNDA:7,(anonymous_21)
FNDA:7,(anonymous_22)
FNDA:7,(anonymous_23)
FNDA:14,(anonymous_24)
FNDA:21,(anonymous_25)
FNDA:8,(anonymous_26)
FNDA:8,(anonymous_27)
DA:9,2
DA:15,2
DA:25,15
DA:33,5
DA:66,5
DA:67,5
DA:68,15
DA:69,15
DA:71,7
DA:74,5
DA:75,5
DA:79,1
DA:91,8
DA:92,8
DA:94,7
DA:100,1
DA:104,7
DA:115,7
DA:116,7
DA:117,0
DA:122,7
DA:134,7
DA:136,7
DA:138,7
DA:141,7
DA:142,7
DA:143,2
DA:145,7
DA:147,7
DA:149,7
DA:151,7
DA:155,7
DA:159,7
DA:160,7
DA:162,7
DA:165,7
DA:166,0
DA:167,0
DA:169,7
DA:171,7
DA:176,7
DA:186,7
DA:187,14
DA:200,21
DA:209,8
DA:210,8
DA:215,8
DA:216,8
DA:230,2
LF:49
LH:46
BRDA:66,0,0,5
BRDA:66,0,1,0
BRDA:91,1,0,8
BRDA:91,1,1,3
BRDA:92,2,0,1
BRDA:92,2,1,7
BRDA:116,3,0,0
BRDA:116,3,1,7
BRDA:136,4,0,7
BRDA:136,4,1,0
BRDA:142,5,0,2
BRDA:142,5,1,5
BRDA:160,6,0,7
BRDA:160,6,1,0
BRDA:166,7,0,0
BRDA:166,7,1,0
BRDA:200,8,0,21
BRDA:200,8,1,12
BRF:18
BRH:12
end_of_record
TN:
SF:src\ServerPlugins\NodeHttp\NodeHttpPlugin.ts
FN:20,(anonymous_8)
FN:24,(anonymous_9)
FN:30,(anonymous_11)
FN:35,(anonymous_12)
FN:40,(anonymous_13)
FN:41,(anonymous_15)
FN:43,(anonymous_16)
FN:46,(anonymous_17)
FN:74,(anonymous_18)
FN:79,(anonymous_20)
FN:83,(anonymous_22)
FN:84,(anonymous_23)
FN:84,(anonymous_24)
FN:102,(anonymous_25)
FN:103,(anonymous_26)
FNF:15
FNH:14
FNDA:1,(anonymous_8)
FNDA:3,(anonymous_9)
FNDA:1,(anonymous_11)
FNDA:3,(anonymous_12)
FNDA:1,(anonymous_13)
FNDA:1,(anonymous_15)
FNDA:0,(anonymous_16)
FNDA:1,(anonymous_17)
FNDA:1,(anonymous_18)
FNDA:1,(anonymous_20)
FNDA:1,(anonymous_22)
FNDA:1,(anonymous_23)
FNDA:1,(anonymous_24)
FNDA:1,(anonymous_25)
FNDA:1,(anonymous_26)
DA:1,1
DA:20,1
DA:21,1
DA:28,3
DA:31,1
DA:34,3
DA:35,3
DA:36,3
DA:41,1
DA:42,1
DA:43,1
DA:44,0
DA:46,1
DA:47,1
DA:51,1
DA:71,1
DA:75,1
DA:76,1
DA:80,1
DA:84,1
DA:85,1
DA:86,1
DA:87,0
DA:91,1
DA:96,1
DA:97,1
DA:98,1
DA:103,1
DA:104,1
DA:105,1
LF:30
LH:28
BRDA:80,0,0,1
BRDA:80,0,1,1
BRDA:86,1,0,0
BRDA:86,1,1,1
BRDA:106,2,0,1
BRDA:106,2,1,1
BRF:6
BRH:5
end_of_record
TN:
SF:src\ServerPlugins\TestDouble\TestDoublePlugin.ts
FN:19,(anonymous_7)
FN:21,(anonymous_8)
FN:27,(anonymous_9)
FN:42,(anonymous_11)
FN:50,(anonymous_12)
FN:62,(anonymous_13)
FN:66,(anonymous_15)
FN:70,(anonymous_17)
FNF:8
FNH:7
FNDA:4,(anonymous_7)
FNDA:18,(anonymous_8)
FNDA:12,(anonymous_9)
FNDA:6,(anonymous_11)
FNDA:13,(anonymous_12)
FNDA:6,(anonymous_13)
FNDA:4,(anonymous_15)
FNDA:0,(anonymous_17)
DA:16,1
DA:17,4
DA:19,4
DA:22,18
DA:23,0
DA:31,12
DA:32,12
DA:47,6
DA:49,6
DA:51,13
DA:53,6
DA:54,0
DA:59,6
DA:63,6
LF:14
LH:12
BRDA:19,0,0,4
BRDA:22,1,0,0
BRDA:22,1,1,18
BRDA:51,2,0,13
BRDA:51,2,1,9
BRDA:53,3,0,0
BRDA:53,3,1,6
BRF:7
BRH:5
end_of_record
